D:\DEV\MYVIDEOEDITOR\MYVIDEOEDITOR\MYVIDEOEDITOR_I.C
D:\DEV\MYVIDEOEDITOR\MYVIDEOEDITOR\MYVIDEOEDITORIDL.H
D:\dev\myVideoEditor\myVideoEditor\Release\cl.command.1.tlog
D:\dev\myVideoEditor\myVideoEditor\Release\CL.read.1.tlog
D:\dev\myVideoEditor\myVideoEditor\Release\CL.write.1.tlog
D:\dev\myVideoEditor\myVideoEditor\Release\link.command.1.tlog
D:\dev\myVideoEditor\myVideoEditor\Release\link.read.1.tlog
D:\dev\myVideoEditor\myVideoEditor\Release\link.write.1.tlog
D:\dev\myVideoEditor\myVideoEditor\Release\link-cvtres.read.1.tlog
D:\dev\myVideoEditor\myVideoEditor\Release\link-cvtres.write.1.tlog
D:\dev\myVideoEditor\myVideoEditor\Release\midl.command.1.tlog
D:\dev\myVideoEditor\myVideoEditor\Release\midl.read.1.tlog
D:\dev\myVideoEditor\myVideoEditor\Release\midl.write.1.tlog
D:\dev\myVideoEditor\myVideoEditor\Release\midl-midlc.read.1.tlog
D:\dev\myVideoEditor\myVideoEditor\Release\midl-midlc.write.1.tlog
D:\dev\myVideoEditor\myVideoEditor\Release\midl-midlc-cl.read.1.tlog
D:\dev\myVideoEditor\myVideoEditor\Release\mt.command.1.tlog
D:\dev\myVideoEditor\myVideoEditor\Release\mt.read.1.tlog
D:\dev\myVideoEditor\myVideoEditor\Release\mt.write.1.tlog
D:\DEV\MYVIDEOEDITOR\MYVIDEOEDITOR\RELEASE\MYVIDEOEDITOR.OBJ
D:\DEV\MYVIDEOEDITOR\MYVIDEOEDITOR\RELEASE\MYVIDEOEDITOR.OCX.INTERMEDIATE.MANIFEST
D:\DEV\MYVIDEOEDITOR\MYVIDEOEDITOR\RELEASE\MYVIDEOEDITOR.PCH
D:\DEV\MYVIDEOEDITOR\MYVIDEOEDITOR\RELEASE\MYVIDEOEDITOR.RES
D:\DEV\MYVIDEOEDITOR\MYVIDEOEDITOR\RELEASE\MYVIDEOEDITOR.TLB
D:\dev\myVideoEditor\myVideoEditor\Release\myVideoEditor.vcxprojResolveAssemblyReference.cache
D:\dev\myVideoEditor\myVideoEditor\Release\myVideoEditor.write.1.tlog
D:\DEV\MYVIDEOEDITOR\MYVIDEOEDITOR\RELEASE\MYVIDEOEDITORCTRL.OBJ
D:\DEV\MYVIDEOEDITOR\MYVIDEOEDITOR\RELEASE\MYVIDEOEDITORPROPPAGE.OBJ
D:\dev\myVideoEditor\myVideoEditor\Release\rc.command.1.tlog
D:\dev\myVideoEditor\myVideoEditor\Release\rc.read.1.tlog
D:\dev\myVideoEditor\myVideoEditor\Release\rc.write.1.tlog
D:\DEV\MYVIDEOEDITOR\MYVIDEOEDITOR\RELEASE\STDAFX.OBJ
D:\DEV\MYVIDEOEDITOR\MYVIDEOEDITOR\RELEASE\VC100.PDB
D:\dev\myVideoEditor\Release\myVideoEditor.exp
D:\dev\myVideoEditor\Release\myVideoEditor.lib
D:\DEV\MYVIDEOEDITOR\RELEASE\MYVIDEOEDITOR.OCX
D:\DEV\MYVIDEOEDITOR\RELEASE\MYVIDEOEDITOR.PDB
